Using pre-set license
Built from '2020.3/staging' branch; Version is '2020.3.13f1 (71691879b7f5) revision 7432472'; Using compiler version '192528614'; Build Type 'Release'
OS: 'Windows 10 Pro; OS build 22000.65; Version 2009; 64bit' Language: 'pt' Physical Memory: 8186 MB
BatchMode: 1, IsHumanControllingUs: 0, StartBugReporterOnCrash: 0, Is64bit: 1, IsPro: 0

 COMMAND LINE ARGUMENTS:
C:\Program Files\Unity\Hub\Editor\2020.3.13f1\Editor\Unity.exe
-adb2
-batchMode
-noUpm
-name
AssetImportWorker0
-projectPath
C:/Users/fabio/GitHub/unity-projects/Unity2DGameProject
-logFile
Logs/AssetImportWorker0.log
-srvPort
52461
Successfully changed project path to: C:/Users/fabio/GitHub/unity-projects/Unity2DGameProject
C:/Users/fabio/GitHub/unity-projects/Unity2DGameProject
Using Asset Import Pipeline V2.
Refreshing native plugins compatible for Editor in 58.93 ms, found 2 plugins.
Preloading 0 native plugins for Editor in 0.00 ms.
Initialize engine version: 2020.3.13f1 (71691879b7f5)
[Subsystems] Discovering subsystems at path C:/Program Files/Unity/Hub/Editor/2020.3.13f1/Editor/Data/Resources/UnitySubsystems
[Subsystems] Discovering subsystems at path C:/Users/fabio/GitHub/unity-projects/Unity2DGameProject/Assets
GfxDevice: creating device client; threaded=0
Direct3D:
    Version:  Direct3D 11.0 [level 11.1]
    Renderer: AMD Radeon HD 7800 Series (ID=0x6819)
    Vendor:   
    VRAM:     1003 MB
    Driver:   27.20.11035.3002
Initialize mono
Mono path[0] = 'C:/Program Files/Unity/Hub/Editor/2020.3.13f1/Editor/Data/Managed'
Mono path[1] = 'C:/Program Files/Unity/Hub/Editor/2020.3.13f1/Editor/Data/MonoBleedingEdge/lib/mono/unityjit'
Mono config path = 'C:/Program Files/Unity/Hub/Editor/2020.3.13f1/Editor/Data/MonoBleedingEdge/etc'
Using monoOptions --debugger-agent=transport=dt_socket,embedding=1,server=y,suspend=n,address=127.0.0.1:56136
Begin MonoManager ReloadAssembly
Registering precompiled unity dll's ...
Register platform support module: C:/Program Files/Unity/Hub/Editor/2020.3.13f1/Editor/Data/PlaybackEngines/WindowsStandaloneSupport/UnityEditor.WindowsStandalone.Extensions.dll
Register platform support module: C:/Program Files/Unity/Hub/Editor/2020.3.13f1/Editor/Data/PlaybackEngines/LinuxStandaloneSupport/UnityEditor.LinuxStandalone.Extensions.dll
Registered in 0.028421 seconds.
Native extension for LinuxStandalone target not found
Native extension for WindowsStandalone target not found
Refreshing native plugins compatible for Editor in 67.20 ms, found 2 plugins.
Preloading 0 native plugins for Editor in 0.00 ms.
Mono: successfully reloaded assembly
- Completed reload, in  9.287 seconds
Platform modules already initialized, skipping
Registering precompiled user dll's ...
Registered in 0.026618 seconds.
Begin MonoManager ReloadAssembly
Native extension for LinuxStandalone target not found
Native extension for WindowsStandalone target not found
Refreshing native plugins compatible for Editor in 0.55 ms, found 2 plugins.
Preloading 0 native plugins for Editor in 0.00 ms.
Mono: successfully reloaded assembly
- Completed reload, in  1.820 seconds
Platform modules already initialized, skipping
========================================================================
Worker process is ready to serve import requests
Launched and connected shader compiler UnityShaderCompiler.exe after 0.14 seconds
Refreshing native plugins compatible for Editor in 0.51 ms, found 2 plugins.
Preloading 0 native plugins for Editor in 0.00 ms.
Unloading 1935 Unused Serialized files (Serialized files now loaded: 0)
System memory in use before: 90.6 MB.
System memory in use after: 90.7 MB.

Unloading 23 unused Assets to reduce memory usage. Loaded Objects now: 2374.
Total: 2.505200 ms (FindLiveObjects: 0.219000 ms CreateObjectMapping: 0.084000 ms MarkObjects: 2.111300 ms  DeleteObjects: 0.089600 ms)

AssetImportParameters requested are different than current active one (requested -> active):
  custom:framework-win-MediaFoundation: 216162199b28c13a410421893ffa2e32 -> 
  custom:video-decoder-ogg-theora: a1e56fd34408186e4bbccfd4996cb3dc -> 
  custom:container-muxer-webm: aa71ff27fc2769a1b78a27578f13a17b -> 
  custom:container-demuxer-webm: 4f35f7cbe854078d1ac9338744f61a02 -> 
  custom:container-demuxer-ogg: 62fdf1f143b41e24485cea50d1cbac27 -> 
  custom:video-encoder-webm-vp8: eb34c28f22e8b96e1ab97ce403110664 -> 
  custom:video-decoder-webm-vp8: 9c59270c3fd7afecdb556c50c9e8de78 -> 
  custom:audio-decoder-ogg-vorbis: bf7c407c2cedff20999df2af8eb42d56 -> 
  custom:audio-encoder-webm-vorbis: bf7c407c2cedff20999df2af8eb42d56 -> 
========================================================================
Received Import Request.
  path: Assets/2DGamekit/Readme.asset
  artifactKey: Guid(83c2ed844a8c74b779a4c823d16594b1) Importer(815301076,1909f56bfc062723c751e8b465ee728b)
Start importing Assets/2DGamekit/Readme.asset using Guid(83c2ed844a8c74b779a4c823d16594b1) Importer(815301076,1909f56bfc062723c751e8b465ee728b)  -> (artifact id: 'd6c7e89498f213c04f7580f79f64ffae') in 0.949178 seconds 
  Import took 0.969261 seconds .

========================================================================
Received Import Request.
  Time since last request: 211.087952 seconds.
  path: Assets/2DGamekit/Prefabs/Ellen.prefab
  artifactKey: Guid(73360cdb4e1e7ed4897690f9d57fd0eb) Importer(815301076,1909f56bfc062723c751e8b465ee728b)
Start importing Assets/2DGamekit/Prefabs/Ellen.prefab using Guid(73360cdb4e1e7ed4897690f9d57fd0eb) Importer(815301076,1909f56bfc062723c751e8b465ee728b)  -> (artifact id: 'c959fe0b195355f0835f8b44f3a6f63b') in 0.265758 seconds 
  Import took 0.277290 seconds .

========================================================================
Received Import Request.
  Time since last request: 0.000273 seconds.
  path: Assets/2DGamekit/Prefabs/MainCamera.prefab
  artifactKey: Guid(bb0018ce3a8caa643b44f8487c34bd25) Importer(815301076,1909f56bfc062723c751e8b465ee728b)
Start importing Assets/2DGamekit/Prefabs/MainCamera.prefab using Guid(bb0018ce3a8caa643b44f8487c34bd25) Importer(815301076,1909f56bfc062723c751e8b465ee728b)  -> (artifact id: 'a0e1beaf13dd4d26c19d9f493f544825') in 0.052071 seconds 
  Import took 0.066401 seconds .

========================================================================
Received Import Request.
  Time since last request: 0.029064 seconds.
  path: Assets/2DGamekit/Prefabs/MainCamera.prefab
  artifactKey: Guid(bb0018ce3a8caa643b44f8487c34bd25) Importer(815301076,1909f56bfc062723c751e8b465ee728b)
Start importing Assets/2DGamekit/Prefabs/MainCamera.prefab using Guid(bb0018ce3a8caa643b44f8487c34bd25) Importer(815301076,1909f56bfc062723c751e8b465ee728b)  -> (artifact id: 'a0e1beaf13dd4d26c19d9f493f544825') in 0.020299 seconds 
  Import took 0.031690 seconds .

========================================================================
Received Import Request.
  Time since last request: 2.387763 seconds.
  path: Assets/2DGamekit/Prefabs/Interactables/Bridge.prefab
  artifactKey: Guid(a895c7cedf6851f4380f2a35df8d219a) Importer(815301076,1909f56bfc062723c751e8b465ee728b)
Start importing Assets/2DGamekit/Prefabs/Interactables/Bridge.prefab using Guid(a895c7cedf6851f4380f2a35df8d219a) Importer(815301076,1909f56bfc062723c751e8b465ee728b)  -> (artifact id: 'f1005b616e063584f8983f554d96f7ee') in 0.543517 seconds 
  Import took 0.560542 seconds .

========================================================================
Received Import Request.
  Time since last request: 0.000470 seconds.
  path: Assets/2DGamekit/Prefabs/Interactables/Key.prefab
  artifactKey: Guid(93f15056a62b79346aafa55805de2b33) Importer(815301076,1909f56bfc062723c751e8b465ee728b)
Start importing Assets/2DGamekit/Prefabs/Interactables/Key.prefab using Guid(93f15056a62b79346aafa55805de2b33) Importer(815301076,1909f56bfc062723c751e8b465ee728b)  -> (artifact id: '91b4ac831440d9e63af3fe07e28da254') in 0.400643 seconds 
  Import took 0.410729 seconds .

========================================================================
Received Import Request.
  Time since last request: 0.000513 seconds.
  path: Assets/2DGamekit/Prefabs/Interactables/PassThroughPlatform.prefab
  artifactKey: Guid(e89d55dfb0b7bab4dac674275ef32613) Importer(815301076,1909f56bfc062723c751e8b465ee728b)
Start importing Assets/2DGamekit/Prefabs/Interactables/PassThroughPlatform.prefab using Guid(e89d55dfb0b7bab4dac674275ef32613) Importer(815301076,1909f56bfc062723c751e8b465ee728b)  -> (artifact id: '4064a304c1ff9c898fdf258d9b532e1d') in 0.749670 seconds 
  Import took 0.763624 seconds .

========================================================================
Received Import Request.
  Time since last request: 0.000503 seconds.
  path: Assets/2DGamekit/Prefabs/Interactables/MovingPlatformlong.prefab
  artifactKey: Guid(75c2b6a66ee2dfe4b9f818176a33f456) Importer(815301076,1909f56bfc062723c751e8b465ee728b)
Start importing Assets/2DGamekit/Prefabs/Interactables/MovingPlatformlong.prefab using Guid(75c2b6a66ee2dfe4b9f818176a33f456) Importer(815301076,1909f56bfc062723c751e8b465ee728b)  -> (artifact id: 'ed7d996732e548b073dfde4a08df2230') in 0.117388 seconds 
  Import took 0.125844 seconds .

========================================================================
Received Import Request.
  Time since last request: 0.000481 seconds.
  path: Assets/2DGamekit/Prefabs/Interactables/InfoPost.prefab
  artifactKey: Guid(6bc0b2bb61623f94aa335ee8a769a8f9) Importer(815301076,1909f56bfc062723c751e8b465ee728b)
Start importing Assets/2DGamekit/Prefabs/Interactables/InfoPost.prefab using Guid(6bc0b2bb61623f94aa335ee8a769a8f9) Importer(815301076,1909f56bfc062723c751e8b465ee728b)  -> (artifact id: '3178d21a55ba21cfdb13a887eade37ac') in 0.230922 seconds 
  Import took 0.248391 seconds .

========================================================================
Received Import Request.
  Time since last request: 0.000492 seconds.
  path: Assets/2DGamekit/Prefabs/Interactables/Door.prefab
  artifactKey: Guid(d3dff3eb072b76f4daa75549e62b7bda) Importer(815301076,1909f56bfc062723c751e8b465ee728b)
Start importing Assets/2DGamekit/Prefabs/Interactables/Door.prefab using Guid(d3dff3eb072b76f4daa75549e62b7bda) Importer(815301076,1909f56bfc062723c751e8b465ee728b)  -> (artifact id: '6e026e202d86b0c472915c4fd2d0f768') in 0.697215 seconds 
  Import took 0.716848 seconds .

========================================================================
Received Import Request.
  Time since last request: 0.000520 seconds.
  path: Assets/2DGamekit/Prefabs/Interactables/MovingPlatform.prefab
  artifactKey: Guid(f9663778c0da693408f8cf4c13bc051a) Importer(815301076,1909f56bfc062723c751e8b465ee728b)
Start importing Assets/2DGamekit/Prefabs/Interactables/MovingPlatform.prefab using Guid(f9663778c0da693408f8cf4c13bc051a) Importer(815301076,1909f56bfc062723c751e8b465ee728b)  -> (artifact id: '3f6a692f8b698768eeba066500152c9a') in 0.306884 seconds 
  Import took 0.311732 seconds .

========================================================================
Received Import Request.
  Time since last request: 0.000491 seconds.
  path: Assets/2DGamekit/Prefabs/Interactables/PressurePad.prefab
  artifactKey: Guid(daebb73bab52a3b4d8eab37c26a8a62f) Importer(815301076,1909f56bfc062723c751e8b465ee728b)
Start importing Assets/2DGamekit/Prefabs/Interactables/PressurePad.prefab using Guid(daebb73bab52a3b4d8eab37c26a8a62f) Importer(815301076,1909f56bfc062723c751e8b465ee728b)  -> (artifact id: '93e32482303dc8dc057b9ceee554bccd') in 0.087180 seconds 
  Import took 0.096148 seconds .

========================================================================
Received Import Request.
  Time since last request: 0.000449 seconds.
  path: Assets/2DGamekit/Prefabs/Interactables/DestructableColumn.prefab
  artifactKey: Guid(c57359a20b483084f9310f1d0b46f64a) Importer(815301076,1909f56bfc062723c751e8b465ee728b)
Start importing Assets/2DGamekit/Prefabs/Interactables/DestructableColumn.prefab using Guid(c57359a20b483084f9310f1d0b46f64a) Importer(815301076,1909f56bfc062723c751e8b465ee728b)  -> (artifact id: '3366046ee6acb31de514fbc1d842a253') in 0.482541 seconds 
  Import took 0.495858 seconds .

========================================================================
Received Import Request.
  Time since last request: 0.000491 seconds.
  path: Assets/2DGamekit/Prefabs/Interactables/HealthPickup.prefab
  artifactKey: Guid(6ce14eb040a43734b9fb27d9a62d91ee) Importer(815301076,1909f56bfc062723c751e8b465ee728b)
Start importing Assets/2DGamekit/Prefabs/Interactables/HealthPickup.prefab using Guid(6ce14eb040a43734b9fb27d9a62d91ee) Importer(815301076,1909f56bfc062723c751e8b465ee728b)  -> (artifact id: '2aafe893de8ec88b4d3089ac14fe734e') in 0.701880 seconds 
  Import took 0.719239 seconds .

========================================================================
Received Import Request.
  Time since last request: 0.000535 seconds.
  path: Assets/2DGamekit/Prefabs/Interactables/DestructableWall.prefab
  artifactKey: Guid(34e51d4f11580144b99436db7c78b5dd) Importer(815301076,1909f56bfc062723c751e8b465ee728b)
Start importing Assets/2DGamekit/Prefabs/Interactables/DestructableWall.prefab using Guid(34e51d4f11580144b99436db7c78b5dd) Importer(815301076,1909f56bfc062723c751e8b465ee728b)  -> (artifact id: '88b5ffc18c4637eb5bd01821e753702c') in 0.137962 seconds 
  Import took 0.154191 seconds .

========================================================================
Received Import Request.
  Time since last request: 0.000461 seconds.
  path: Assets/2DGamekit/Prefabs/Interactables/PushableBox.prefab
  artifactKey: Guid(afbffe7f4d780a848bb3211bd9c32278) Importer(815301076,1909f56bfc062723c751e8b465ee728b)
Start importing Assets/2DGamekit/Prefabs/Interactables/PushableBox.prefab using Guid(afbffe7f4d780a848bb3211bd9c32278) Importer(815301076,1909f56bfc062723c751e8b465ee728b)  -> (artifact id: 'fa1ac3cb503380bb1120e3f66dcc8ec3') in 0.272937 seconds 
  Import took 0.282046 seconds .

========================================================================
Received Import Request.
  Time since last request: 0.000509 seconds.
  path: Assets/2DGamekit/Prefabs/Interactables/Teleporter.prefab
  artifactKey: Guid(ea040a76895f65745899f41e3dff6aeb) Importer(815301076,1909f56bfc062723c751e8b465ee728b)
Start importing Assets/2DGamekit/Prefabs/Interactables/Teleporter.prefab using Guid(ea040a76895f65745899f41e3dff6aeb) Importer(815301076,1909f56bfc062723c751e8b465ee728b)  -> (artifact id: 'daacce871bd56dce15d59da4b2ba90fe') in 0.234543 seconds 
  Import took 0.248674 seconds .

========================================================================
Received Import Request.
  Time since last request: 0.000482 seconds.
  path: Assets/2DGamekit/Prefabs/Interactables/SingleUseSwitch.prefab
  artifactKey: Guid(7da6a32167f5e2948a425959d1ea2014) Importer(815301076,1909f56bfc062723c751e8b465ee728b)
Start importing Assets/2DGamekit/Prefabs/Interactables/SingleUseSwitch.prefab using Guid(7da6a32167f5e2948a425959d1ea2014) Importer(815301076,1909f56bfc062723c751e8b465ee728b)  -> (artifact id: '38fb9b8e6df2909d6ef9487b3d615e98') in 0.228765 seconds 
  Import took 0.248158 seconds .

========================================================================
Received Import Request.
  Time since last request: 0.000536 seconds.
  path: Assets/2DGamekit/Prefabs/Interactables/ReusableSwitch.prefab
  artifactKey: Guid(40cc899f594768746b6d70b3f2530c2e) Importer(815301076,1909f56bfc062723c751e8b465ee728b)
Start importing Assets/2DGamekit/Prefabs/Interactables/ReusableSwitch.prefab using Guid(40cc899f594768746b6d70b3f2530c2e) Importer(815301076,1909f56bfc062723c751e8b465ee728b)  -> (artifact id: '92ef23c6edb8611bd83f56512e26e476') in 0.109184 seconds 
  Import took 0.124052 seconds .

========================================================================
Received Import Request.
  Time since last request: 0.000469 seconds.
  path: Assets/2DGamekit/Prefabs/Interactables/PassThroughPlatformLong.prefab
  artifactKey: Guid(599bf135fc0648043bfa32dcd1e26d86) Importer(815301076,1909f56bfc062723c751e8b465ee728b)
Start importing Assets/2DGamekit/Prefabs/Interactables/PassThroughPlatformLong.prefab using Guid(599bf135fc0648043bfa32dcd1e26d86) Importer(815301076,1909f56bfc062723c751e8b465ee728b)  -> (artifact id: '1dfed94e2c042752a44994013271319b') in 0.054137 seconds 
  Import took 0.061875 seconds .

========================================================================
Received Prepare
Registering precompiled user dll's ...
Registered in 0.013591 seconds.
Begin MonoManager ReloadAssembly
Native extension for LinuxStandalone target not found
Native extension for WindowsStandalone target not found
Refreshing native plugins compatible for Editor in 0.59 ms, found 2 plugins.
Preloading 0 native plugins for Editor in 0.00 ms.
Mono: successfully reloaded assembly
- Completed reload, in  1.238 seconds
Platform modules already initialized, skipping
Refreshing native plugins compatible for Editor in 0.49 ms, found 2 plugins.
Preloading 0 native plugins for Editor in 0.00 ms.
Unloading 1881 Unused Serialized files (Serialized files now loaded: 0)
System memory in use before: 89.4 MB.
System memory in use after: 89.5 MB.

Unloading 18 unused Assets to reduce memory usage. Loaded Objects now: 2389.
Total: 2.719600 ms (FindLiveObjects: 0.226600 ms CreateObjectMapping: 0.084800 ms MarkObjects: 2.331600 ms  DeleteObjects: 0.074900 ms)

AssetImportParameters requested are different than current active one (requested -> active):
  custom:framework-win-MediaFoundation: 216162199b28c13a410421893ffa2e32 -> 
  custom:video-decoder-ogg-theora: a1e56fd34408186e4bbccfd4996cb3dc -> 
  custom:container-muxer-webm: aa71ff27fc2769a1b78a27578f13a17b -> 
  custom:container-demuxer-webm: 4f35f7cbe854078d1ac9338744f61a02 -> 
  custom:container-demuxer-ogg: 62fdf1f143b41e24485cea50d1cbac27 -> 
  custom:video-encoder-webm-vp8: eb34c28f22e8b96e1ab97ce403110664 -> 
  custom:video-decoder-webm-vp8: 9c59270c3fd7afecdb556c50c9e8de78 -> 
  custom:audio-decoder-ogg-vorbis: bf7c407c2cedff20999df2af8eb42d56 -> 
  custom:audio-encoder-webm-vorbis: bf7c407c2cedff20999df2af8eb42d56 -> 
AssetImportWorkerClient::OnTransportError - code=2 error=End of file
